{
  "RSpec": {
    "coverage": {
      "/Users/mackenzieleng/Desktop/turing_work/3mod/projects/lunch-and-learn/app/facades/country_facade.rb": {
        "lines": [
          1,
          1,
          3,
          3,
          501,
          null,
          null,
          null,
          null,
          1,
          2,
          null,
          null
        ]
      },
      "/Users/mackenzieleng/Desktop/turing_work/3mod/projects/lunch-and-learn/app/facades/edamam_facade.rb": {
        "lines": [
          1,
          1,
          4,
          4,
          60,
          null,
          null,
          null
        ]
      },
      "/Users/mackenzieleng/Desktop/turing_work/3mod/projects/lunch-and-learn/app/poros/country.rb": {
        "lines": [
          1,
          1,
          null,
          1,
          503,
          null,
          null,
          null
        ]
      },
      "/Users/mackenzieleng/Desktop/turing_work/3mod/projects/lunch-and-learn/app/poros/recipe.rb": {
        "lines": [
          1,
          1,
          null,
          null,
          null,
          null,
          1,
          62,
          62,
          62,
          62,
          null,
          null
        ]
      },
      "/Users/mackenzieleng/Desktop/turing_work/3mod/projects/lunch-and-learn/app/services/country_service.rb": {
        "lines": [
          1,
          1,
          4,
          null,
          null,
          1,
          4,
          4,
          null,
          null
        ]
      },
      "/Users/mackenzieleng/Desktop/turing_work/3mod/projects/lunch-and-learn/app/services/edamam_service.rb": {
        "lines": [
          1,
          null,
          1,
          5,
          5,
          5,
          null,
          null,
          null,
          1,
          5,
          5,
          null,
          null,
          5,
          null,
          null
        ]
      },
      "/Users/mackenzieleng/Desktop/turing_work/3mod/projects/lunch-and-learn/app/services/image_service.rb": {
        "lines": [
          1,
          null,
          null
        ]
      },
      "/Users/mackenzieleng/Desktop/turing_work/3mod/projects/lunch-and-learn/app/services/video_service.rb": {
        "lines": [
          1,
          1,
          1,
          1,
          null,
          null,
          null,
          1,
          1,
          1,
          1,
          1,
          1,
          1,
          null,
          null,
          1,
          null,
          null
        ]
      },
      "/Users/mackenzieleng/Desktop/turing_work/3mod/projects/lunch-and-learn/app/controllers/api/v1/recipes_controller.rb": {
        "lines": [
          1,
          1,
          3,
          2,
          null,
          1,
          1,
          null,
          null,
          3,
          null,
          null
        ]
      },
      "/Users/mackenzieleng/Desktop/turing_work/3mod/projects/lunch-and-learn/app/controllers/application_controller.rb": {
        "lines": [
          1,
          null
        ]
      },
      "/Users/mackenzieleng/Desktop/turing_work/3mod/projects/lunch-and-learn/app/serializers/recipe_serializer.rb": {
        "lines": [
          1,
          1,
          41,
          1,
          null
        ]
      },
      "/Users/mackenzieleng/Desktop/turing_work/3mod/projects/lunch-and-learn/app/mailers/application_mailer.rb": {
        "lines": [
          0,
          0,
          0,
          0
        ],
        "branches": {
        }
      },
      "/Users/mackenzieleng/Desktop/turing_work/3mod/projects/lunch-and-learn/app/models/application_record.rb": {
        "lines": [
          0,
          0,
          0
        ],
        "branches": {
        }
      },
      "/Users/mackenzieleng/Desktop/turing_work/3mod/projects/lunch-and-learn/app/jobs/application_job.rb": {
        "lines": [
          0,
          0
        ],
        "branches": {
        }
      },
      "/Users/mackenzieleng/Desktop/turing_work/3mod/projects/lunch-and-learn/app/channels/application_cable/connection.rb": {
        "lines": [
          0,
          0,
          0,
          0
        ],
        "branches": {
        }
      },
      "/Users/mackenzieleng/Desktop/turing_work/3mod/projects/lunch-and-learn/app/channels/application_cable/channel.rb": {
        "lines": [
          0,
          0,
          0,
          0
        ],
        "branches": {
        }
      }
    },
    "timestamp": 1673983856
  }
}
